<?xml version="1.0" encoding="UTF-8"?>
<testng-results ignored="0" total="1" passed="1" failed="0" skipped="0">
  <reporter-output>
  </reporter-output>
  <suite started-at="2023-10-28T11:42:20 IST" name="Default suite" finished-at="2023-10-28T11:42:35 IST" duration-ms="14605">
    <groups>
    </groups>
    <test started-at="2023-10-28T11:42:20 IST" name="Default test" finished-at="2023-10-28T11:42:35 IST" duration-ms="14605">
      <class name="testScripts.SwitchWindowTest">
        <test-method is-config="true" signature="browserSetup(java.lang.String)[pri:0, instance:testScripts.SwitchWindowTest@6404f418]" started-at="2023-10-28T11:42:20 IST" name="browserSetup" finished-at="2023-10-28T11:42:25 IST" duration-ms="5094" status="PASS">
          <params>
            <param index="0">
              <value>
                <![CDATA[chrome]]>
              </value>
            </param>
          </params>
          <reporter-output>
          </reporter-output>
        </test-method> <!-- browserSetup -->
        <test-method signature="test()[pri:0, instance:testScripts.SwitchWindowTest@6404f418]" started-at="2023-10-28T11:42:25 IST" name="test" finished-at="2023-10-28T11:42:35 IST" duration-ms="9467" status="PASS">
          <reporter-output>
          </reporter-output>
        </test-method> <!-- test -->
        <test-method is-config="true" signature="browserTearDown()[pri:0, instance:testScripts.SwitchWindowTest@6404f418]" started-at="2023-10-28T11:42:35 IST" name="browserTearDown" finished-at="2023-10-28T11:42:35 IST" duration-ms="11" status="PASS">
          <reporter-output>
          </reporter-output>
        </test-method> <!-- browserTearDown -->
      </class> <!-- testScripts.SwitchWindowTest -->
    </test> <!-- Default test -->
  </suite> <!-- Default suite -->
</testng-results>
